<?xml version="1.0" encoding="UTF-8"?>
<!-- Generated by org.testng.reporters.JUnitReportReporter -->
<testsuite hostname="Apples-MacBook-Pro-2.local" failures="0" tests="1" name="Alltests.First_test" time="8.102" errors="0" timestamp="23 Jun 2018 21:08:21 GMT" skipped="0">
  <testcase classname="Alltests.First_test" name="testfirstcase" time="8.102"/>
</testsuite> <!-- Alltests.First_test -->
